<?xml version="1.0" encoding="UTF-8"?>
<!-- Generated by org.testng.reporters.JUnitReportReporter -->
<testsuite hostname="LAPTOP-6MG3FPLQ" failures="0" tests="6" name="com.rest.TestRest" time="38.366" errors="0" timestamp="2023-12-11T09:47:23 IST" skipped="0">
  <testcase classname="com.rest.TestRest" name="validate_response" time="10.098"/>
  <testcase classname="com.rest.TestRest" name="validate_post_request" time="1.446"/>
  <testcase classname="com.rest.TestRest" name="validate_put_request" time="1.389"/>
  <testcase classname="com.rest.TestRest" name="extract_single_resp" time="10.238"/>
  <testcase classname="com.rest.TestRest" name="validate_response_using_hamcrest" time="7.649"/>
  <testcase classname="com.rest.TestRest" name="extract_resp" time="7.546"/>
</testsuite> <!-- com.rest.TestRest -->
