<?xml version="1.0" encoding="UTF-8"?>
<!-- Generated by org.testng.reporters.JUnitReportReporter -->
<testsuite hostname="LAPTOP-6MG3FPLQ" failures="0" tests="6" name="com.rest.TestRest" time="24.668" errors="0" timestamp="2023-12-11T11:23:25 IST" skipped="0">
  <testcase classname="com.rest.TestRest" name="validate_put_request" time="1.160"/>
  <testcase classname="com.rest.TestRest" name="validate_response_using_hamcrest" time="3.799"/>
  <testcase classname="com.rest.TestRest" name="validate_post_request" time="1.366"/>
  <testcase classname="com.rest.TestRest" name="extract_resp" time="8.890"/>
  <testcase classname="com.rest.TestRest" name="validate_response" time="3.760"/>
  <testcase classname="com.rest.TestRest" name="extract_single_resp" time="5.693"/>
</testsuite> <!-- com.rest.TestRest -->
